[02-May-2015 19:56:40 UTC] feedback.php call
[02-May-2015 19:56:40 UTC] PHP Notice:  Undefined index: message in /var/www/html/php/feedback.php on line 18
[02-May-2015 19:56:40 UTC] PHP Notice:  Undefined index: subject in /var/www/html/php/feedback.php on line 19
[02-May-2015 20:38:20 UTC] feedback.php call
[02-May-2015 20:38:20 UTC] PHP Notice:  Undefined index: message in /var/www/html/php/feedback.php on line 18
[02-May-2015 20:38:20 UTC] PHP Notice:  Undefined index: subject in /var/www/html/php/feedback.php on line 19
[02-May-2015 20:38:20 UTC] in else condition, nothing is right
[02-May-2015 20:52:50 UTC] feedback.php call
[02-May-2015 20:52:50 UTC] PHP Notice:  Undefined index: message in /var/www/html/php/feedback.php on line 18
[02-May-2015 20:52:50 UTC] PHP Notice:  Undefined index: subject in /var/www/html/php/feedback.php on line 19
[02-May-2015 20:52:50 UTC] in if condition, seems correct
[02-May-2015 20:52:57 UTC] feedback.php call
[02-May-2015 20:52:57 UTC] PHP Notice:  Undefined index: message in /var/www/html/php/feedback.php on line 18
[02-May-2015 20:52:57 UTC] PHP Notice:  Undefined index: subject in /var/www/html/php/feedback.php on line 19
[02-May-2015 20:52:57 UTC] in else condition, nothing is right
[02-May-2015 20:55:00 UTC] feedback.php call
[02-May-2015 20:55:00 UTC] PHP Notice:  Undefined index: message in /var/www/html/php/feedback.php on line 18
[02-May-2015 20:55:00 UTC] PHP Notice:  Undefined index: subject in /var/www/html/php/feedback.php on line 19
[02-May-2015 20:55:00 UTC] in else condition, nothing is right
[02-May-2015 21:09:11 UTC] feedback.php call
[02-May-2015 21:09:11 UTC] in else condition, nothing is right
[02-May-2015 21:15:04 UTC] feedback.php call
[02-May-2015 21:15:04 UTC] in else condition, nothing is right
[02-May-2015 21:18:01 UTC] feedback.php call
[02-May-2015 21:18:02 UTC] in else condition, nothing is right
[02-May-2015 21:21:00 UTC] feedback.php call
[02-May-2015 21:21:00 UTC] in if condition, seems correct
[02-May-2015 21:34:14 UTC] feedback.php call
[02-May-2015 21:36:54 UTC] feedback.php call
[02-May-2015 21:37:46 UTC] feedback.php call
[03-May-2015 10:39:29 UTC] feedback.php call
[04-May-2015 13:45:16 UTC] feedback.php call
[04-May-2015 13:49:12 UTC] PHP Parse error:  syntax error, unexpected T_CONSTANT_ENCAPSED_STRING in /var/www/html/php/order.php on line 60
[04-May-2015 13:49:57 UTC] feedback.php call
[04-May-2015 13:53:38 UTC] PHP Parse error:  syntax error, unexpected T_CONSTANT_ENCAPSED_STRING in /var/www/html/php/order.php on line 60
[04-May-2015 13:59:38 UTC] PHP Parse error:  syntax error, unexpected T_CONSTANT_ENCAPSED_STRING in /var/www/html/php/order.php on line 58
[04-May-2015 14:03:25 UTC] PHP Parse error:  syntax error, unexpected T_CATCH in /var/www/html/php/order.php on line 69
[04-May-2015 14:04:53 UTC] order.php call
[04-May-2015 14:14:20 UTC] order.php call
[04-May-2015 14:15:16 UTC] order.php call
[04-May-2015 14:16:22 UTC] order.php call
[04-May-2015 14:18:14 UTC] PHP Parse error:  syntax error, unexpected ';' in /var/www/html/php/order.php on line 58
[04-May-2015 14:19:22 UTC] order.php call
[04-May-2015 14:22:44 UTC] feedback.php call
[04-May-2015 14:24:35 UTC] order.php call
[04-May-2015 14:24:35 UTC] PHP Notice:  Undefined index: category in /var/www/html/php/order.php on line 20
[04-May-2015 14:24:35 UTC] PHP Notice:  Undefined index: subcategory in /var/www/html/php/order.php on line 21
[04-May-2015 14:36:29 UTC] order.php call
[04-May-2015 18:26:00 UTC] order.php call
[04-May-2015 18:26:00 UTC] PHP Notice:  Undefined index: area in /var/www/html/php/order.php on line 16
[04-May-2015 18:26:00 UTC] PHP Notice:  Undefined index: name in /var/www/html/php/order.php on line 17
[04-May-2015 18:26:00 UTC] PHP Notice:  Undefined index: email in /var/www/html/php/order.php on line 18
[04-May-2015 18:26:00 UTC] PHP Notice:  Undefined index: phone in /var/www/html/php/order.php on line 19
[04-May-2015 18:26:00 UTC] PHP Notice:  Undefined index: category in /var/www/html/php/order.php on line 20
[04-May-2015 18:26:00 UTC] PHP Notice:  Undefined index: subcategory in /var/www/html/php/order.php on line 21
[04-May-2015 18:26:00 UTC] PHP Notice:  Undefined index: address in /var/www/html/php/order.php on line 22
[04-May-2015 18:26:00 UTC] PHP Notice:  Undefined index: postal-code in /var/www/html/php/order.php on line 23
[04-May-2015 18:26:00 UTC] PHP Notice:  Undefined index: date in /var/www/html/php/order.php on line 24
[04-May-2015 18:26:00 UTC] PHP Notice:  Undefined index: time in /var/www/html/php/order.php on line 25
[04-May-2015 18:26:00 UTC] PHP Notice:  Undefined index: comments in /var/www/html/php/order.php on line 26
[04-May-2015 18:35:10 UTC] feedback.php call
[04-May-2015 18:35:10 UTC] PHP Notice:  Undefined index: name in /var/www/html/php/feedback.php on line 16
[04-May-2015 18:35:10 UTC] PHP Notice:  Undefined index: email in /var/www/html/php/feedback.php on line 17
[04-May-2015 18:35:10 UTC] PHP Notice:  Undefined index: message in /var/www/html/php/feedback.php on line 18
[04-May-2015 18:35:10 UTC] PHP Notice:  Undefined index: subject in /var/www/html/php/feedback.php on line 19
[04-May-2015 20:07:30 UTC] order.php call
[04-May-2015 20:07:47 UTC] feedback.php call
